Run Information
========================
cognizant.intelligent.test.scripter.engine : 1.1
java.runtime.name    : Java(TM) SE Runtime Environment
java.version         : 1.8.0_191
java.home            : C:\Program Files\Java\jre1.8.0_191
os.name              : Windows 10
os.arch              : amd64
os.version           : 10.0
file.encoding        : UTF-8
========================
Run Started on Tue Nov 13 21:35:23 IST 2018
Loading Browser Profile
Loading RunManager
[Scenario:NewScenario] [TestCase: Download] [Description: Test Run] [Browser: Chrome] [BrowserVersion: default] [Platform: ANY][ExistingBrowser: false]
Initializing Report
ApiLink not available!!
Shutting Down Thread as there is no need for SelectiveThreading
Running Iteration 1
Launching Chrome
Launching Local Driver
Starting ChromeDriver 2.31.488763 (092de99f48a300323ecf8c2a4e2e7cab51de5ba8) on port 48299
Only local connections are allowed.
2018-11-13 21:35:27:11S +0530 [INFO] org.openqa.selenium.remote.ProtocolHandshake createSession:Detected dialect: OSS
Chrome Launched
Step:1   | Object: User ID : | Action: Click | Input:  | Conditon:  | @13-Nov-2018 21:35:27.027
2018-11-13 21:35:38:11S +0530 [OFF ] com.cognizant.cognizantits.engine.drivers.AutomationObject getElements:null
org.openqa.selenium.TimeoutException: Expected condition failed: waiting for com.cognizant.cognizantits.engine.drivers.AutomationObject$$Lambda$363/905286142@cc68daf (tried for 10 second(s) with 500 MILLISECONDS interval)
Build info: version: '3.5.3', revision: 'a88d25fe6b', time: '2017-08-29T12:42:44.417Z'
System info: host: 'MANGALAM', ip: '192.168.43.197', os.name: 'Windows 10', os.arch: 'amd64', os.version: '10.0', java.version: '1.8.0_191'
Driver info: org.openqa.selenium.chrome.ChromeDriver
Capabilities [{mobileEmulationEnabled=false, hasTouchScreen=false, platform=XP, acceptSslCerts=true, webStorageEnabled=true, browserName=chrome, takesScreenshot=true, javascriptEnabled=true, platformName=XP, setWindowRect=true, unexpectedAlertBehaviour=, applicationCacheEnabled=false, rotatable=false, networkConnectionEnabled=false, chrome={chromedriverVersion=2.31.488763 (092de99f48a300323ecf8c2a4e2e7cab51de5ba8), userDataDir=C:\Users\SHREE\AppData\Local\Temp\scoped_dir9544_31246}, takesHeapSnapshot=true, pageLoadStrategy=normal, unhandledPromptBehavior=, databaseEnabled=false, handlesAlerts=true, version=69.0.3497.100, browserConnectionEnabled=false, nativeEvents=true, locationContextEnabled=true, cssSelectorsEnabled=true}]
Session ID: 332d5b9109fa855f535ca503500517cf
	at org.openqa.selenium.support.ui.WebDriverWait.timeoutException(WebDriverWait.java:80)
	at org.openqa.selenium.support.ui.FluentWait.until(FluentWait.java:232)
	at com.cognizant.cognizantits.engine.drivers.AutomationObject.getElements(AutomationObject.java:303)
	at com.cognizant.cognizantits.engine.drivers.AutomationObject.getWElements(AutomationObject.java:255)
	at com.cognizant.cognizantits.engine.drivers.AutomationObject.findElements(AutomationObject.java:242)
	at com.cognizant.cognizantits.engine.drivers.AutomationObject.findElement(AutomationObject.java:118)
	at com.cognizant.cognizantits.engine.drivers.AutomationObject.findElement(AutomationObject.java:111)
	at com.cognizant.cognizantits.engine.core.CommandControl.sync(CommandControl.java:93)
	at com.cognizant.cognizantits.engine.core.CommandControl.sync(CommandControl.java:170)
	at com.cognizant.cognizantits.engine.execution.run.TestStepRunner.executeStep(TestStepRunner.java:160)
	at com.cognizant.cognizantits.engine.execution.run.TestStepRunner.executeStep(TestStepRunner.java:147)
	at com.cognizant.cognizantits.engine.execution.run.TestStepRunner.run(TestStepRunner.java:66)
	at com.cognizant.cognizantits.engine.execution.run.TestCaseRunner.runStep(TestCaseRunner.java:395)
	at com.cognizant.cognizantits.engine.execution.run.TestCaseRunner.run(TestCaseRunner.java:346)
	at com.cognizant.cognizantits.engine.core.Task.runIteration(Task.java:123)
	at com.cognizant.cognizantits.engine.core.Task.run(Task.java:81)
	at java.util.concurrent.ThreadPoolExecutor.runWorker(Unknown Source)
	at java.util.concurrent.ThreadPoolExecutor$Worker.run(Unknown Source)
	at java.lang.Thread.run(Unknown Source)

Couldn't find Object 'User ID :' in stipulated Time '10' Seconds
[FAIL]   | Seems Like the Element [User ID :] is Not Present/Found in the page Try Adding wait or heal it

===================================================================================================

2018-11-13 21:35:38:11S +0530 [SEVERE] com.cognizant.cognizantits.engine.reporting.util.ReportUtils takeScreenshot:null
java.lang.RuntimeException: Error making screenshot
	at com.cognizant.cognizantits.engine.drivers.SeleniumDriver.createNewScreenshot(SeleniumDriver.java:186)
	at com.cognizant.cognizantits.engine.drivers.SeleniumDriver.createScreenShot(SeleniumDriver.java:164)
	at com.cognizant.cognizantits.engine.reporting.util.ReportUtils.takeScreenshot(ReportUtils.java:86)
	at com.cognizant.cognizantits.engine.reporting.impl.html.HtmlTestCaseHandler.takeSSAndPutDetail(HtmlTestCaseHandler.java:288)
	at com.cognizant.cognizantits.engine.reporting.impl.html.HtmlTestCaseHandler.takeScreenShot(HtmlTestCaseHandler.java:249)
	at com.cognizant.cognizantits.engine.reporting.impl.html.HtmlTestCaseHandler.putStatus(HtmlTestCaseHandler.java:226)
	at com.cognizant.cognizantits.engine.reporting.impl.html.HtmlTestCaseHandler.updateTestLog(HtmlTestCaseHandler.java:115)
	at com.cognizant.cognizantits.engine.reporting.TestCaseReport.updateTestLog(TestCaseReport.java:134)
	at com.cognizant.cognizantits.engine.reporting.TestCaseReport.updateTestLog(TestCaseReport.java:105)
	at com.cognizant.cognizantits.engine.execution.run.TestCaseRunner.lambda$reportOnError$0(TestCaseRunner.java:327)
	at java.util.Optional.ifPresent(Unknown Source)
	at com.cognizant.cognizantits.engine.execution.run.TestCaseRunner.reportOnError(TestCaseRunner.java:326)
	at com.cognizant.cognizantits.engine.execution.run.TestCaseRunner.onRuntimeException(TestCaseRunner.java:290)
	at com.cognizant.cognizantits.engine.execution.run.TestCaseRunner.run(TestCaseRunner.java:365)
	at com.cognizant.cognizantits.engine.core.Task.runIteration(Task.java:123)
	at com.cognizant.cognizantits.engine.core.Task.run(Task.java:81)
	at java.util.concurrent.ThreadPoolExecutor.runWorker(Unknown Source)
	at java.util.concurrent.ThreadPoolExecutor$Worker.run(Unknown Source)
	at java.lang.Thread.run(Unknown Source)
Caused by: org.openqa.selenium.WebDriverException: unknown error: call function result missing 'value'
  (Session info: chrome=69.0.3497.100)
  (Driver info: chromedriver=2.31.488763 (092de99f48a300323ecf8c2a4e2e7cab51de5ba8),platform=Windows NT 10.0.17134 x86_64) (WARNING: The server did not provide any stacktrace information)
Command duration or timeout: 0 milliseconds
Build info: version: '3.5.3', revision: 'a88d25fe6b', time: '2017-08-29T12:42:44.417Z'
System info: host: 'MANGALAM', ip: '192.168.43.197', os.name: 'Windows 10', os.arch: 'amd64', os.version: '10.0', java.version: '1.8.0_191'
Driver info: org.openqa.selenium.chrome.ChromeDriver
Capabilities [{mobileEmulationEnabled=false, hasTouchScreen=false, platform=XP, acceptSslCerts=true, webStorageEnabled=true, browserName=chrome, takesScreenshot=true, javascriptEnabled=true, platformName=XP, setWindowRect=true, unexpectedAlertBehaviour=, applicationCacheEnabled=false, rotatable=false, networkConnectionEnabled=false, chrome={chromedriverVersion=2.31.488763 (092de99f48a300323ecf8c2a4e2e7cab51de5ba8), userDataDir=C:\Users\SHREE\AppData\Local\Temp\scoped_dir9544_31246}, takesHeapSnapshot=true, pageLoadStrategy=normal, unhandledPromptBehavior=, databaseEnabled=false, handlesAlerts=true, version=69.0.3497.100, browserConnectionEnabled=false, nativeEvents=true, locationContextEnabled=true, cssSelectorsEnabled=true}]
Session ID: 332d5b9109fa855f535ca503500517cf
	at sun.reflect.NativeConstructorAccessorImpl.newInstance0(Native Method)
	at sun.reflect.NativeConstructorAccessorImpl.newInstance(Unknown Source)
	at sun.reflect.DelegatingConstructorAccessorImpl.newInstance(Unknown Source)
	at java.lang.reflect.Constructor.newInstance(Unknown Source)
	at org.openqa.selenium.remote.ErrorHandler.createThrowable(ErrorHandler.java:215)
	at org.openqa.selenium.remote.ErrorHandler.throwIfResponseFailed(ErrorHandler.java:167)
	at org.openqa.selenium.remote.http.JsonHttpResponseCodec.reconstructValue(JsonHttpResponseCodec.java:40)
	at org.openqa.selenium.remote.http.AbstractHttpResponseCodec.decode(AbstractHttpResponseCodec.java:82)
	at org.openqa.selenium.remote.http.AbstractHttpResponseCodec.decode(AbstractHttpResponseCodec.java:45)
	at org.openqa.selenium.remote.HttpCommandExecutor.execute(HttpCommandExecutor.java:164)
	at org.openqa.selenium.remote.service.DriverCommandExecutor.execute(DriverCommandExecutor.java:82)
	at org.openqa.selenium.remote.RemoteWebDriver.execute(RemoteWebDriver.java:646)
	at org.openqa.selenium.remote.RemoteWebDriver.executeScript(RemoteWebDriver.java:582)
	at com.galenframework.utils.GalenUtils.scrollVerticallyTo(GalenUtils.java:223)
	at com.galenframework.utils.GalenUtils.makeFullScreenshot(GalenUtils.java:110)
	at com.cognizant.cognizantits.engine.drivers.SeleniumDriver.getScreenShotFromGalen(SeleniumDriver.java:197)
	at com.cognizant.cognizantits.engine.drivers.SeleniumDriver.createNewScreenshot(SeleniumDriver.java:183)
	... 18 more

2018-11-13 21:35:38:11S +0530 [SEVERE] com.cognizant.cognizantits.engine.execution.run.TestCaseRunner onRuntimeException:Seems Like the Element [User ID :] is Not Present/Found in the page Try Adding wait or heal it
com.cognizant.cognizantits.engine.execution.exception.element.ElementException: Seems Like the Element [User ID :] is Not Present/Found in the page Try Adding wait or heal it
	at com.cognizant.cognizantits.engine.commands.General.elementDisplayed(General.java:57)
	at com.cognizant.cognizantits.engine.commands.General.elementEnabled(General.java:63)
	at com.cognizant.cognizantits.engine.commands.Basic.Click(Basic.java:45)
	at com.cognizant.cognizantits.engine.support.reflect.MethodExecutor.executeMethod(MethodExecutor.java:39)
	at com.cognizant.cognizantits.engine.execution.run.TestStepRunner.executeAction(TestStepRunner.java:165)
	at com.cognizant.cognizantits.engine.execution.run.TestStepRunner.executeStep(TestStepRunner.java:161)
	at com.cognizant.cognizantits.engine.execution.run.TestStepRunner.executeStep(TestStepRunner.java:147)
	at com.cognizant.cognizantits.engine.execution.run.TestStepRunner.run(TestStepRunner.java:66)
	at com.cognizant.cognizantits.engine.execution.run.TestCaseRunner.runStep(TestCaseRunner.java:395)
	at com.cognizant.cognizantits.engine.execution.run.TestCaseRunner.run(TestCaseRunner.java:346)
	at com.cognizant.cognizantits.engine.core.Task.runIteration(Task.java:123)
	at com.cognizant.cognizantits.engine.core.Task.run(Task.java:81)
	at java.util.concurrent.ThreadPoolExecutor.runWorker(Unknown Source)
	at java.util.concurrent.ThreadPoolExecutor$Worker.run(Unknown Source)
	at java.lang.Thread.run(Unknown Source)

Step:2   | Object: User ID : | Action: Set | Input: @417111 | Conditon:  | @13-Nov-2018 21:35:38.038
2018-11-13 21:35:48:11S +0530 [OFF ] com.cognizant.cognizantits.engine.drivers.AutomationObject getElements:null
org.openqa.selenium.TimeoutException: Expected condition failed: waiting for com.cognizant.cognizantits.engine.drivers.AutomationObject$$Lambda$363/905286142@5cfe9155 (tried for 10 second(s) with 500 MILLISECONDS interval)
Build info: version: '3.5.3', revision: 'a88d25fe6b', time: '2017-08-29T12:42:44.417Z'
System info: host: 'MANGALAM', ip: '192.168.43.197', os.name: 'Windows 10', os.arch: 'amd64', os.version: '10.0', java.version: '1.8.0_191'
Driver info: org.openqa.selenium.chrome.ChromeDriver
Capabilities [{mobileEmulationEnabled=false, hasTouchScreen=false, platform=XP, acceptSslCerts=true, webStorageEnabled=true, browserName=chrome, takesScreenshot=true, javascriptEnabled=true, platformName=XP, setWindowRect=true, unexpectedAlertBehaviour=, applicationCacheEnabled=false, rotatable=false, networkConnectionEnabled=false, chrome={chromedriverVersion=2.31.488763 (092de99f48a300323ecf8c2a4e2e7cab51de5ba8), userDataDir=C:\Users\SHREE\AppData\Local\Temp\scoped_dir9544_31246}, takesHeapSnapshot=true, pageLoadStrategy=normal, unhandledPromptBehavior=, databaseEnabled=false, handlesAlerts=true, version=69.0.3497.100, browserConnectionEnabled=false, nativeEvents=true, locationContextEnabled=true, cssSelectorsEnabled=true}]
Session ID: 332d5b9109fa855f535ca503500517cf
	at org.openqa.selenium.support.ui.WebDriverWait.timeoutException(WebDriverWait.java:80)
	at org.openqa.selenium.support.ui.FluentWait.until(FluentWait.java:232)
	at com.cognizant.cognizantits.engine.drivers.AutomationObject.getElements(AutomationObject.java:303)
	at com.cognizant.cognizantits.engine.drivers.AutomationObject.getWElements(AutomationObject.java:255)
	at com.cognizant.cognizantits.engine.drivers.AutomationObject.findElements(AutomationObject.java:242)
	at com.cognizant.cognizantits.engine.drivers.AutomationObject.findElement(AutomationObject.java:118)
	at com.cognizant.cognizantits.engine.drivers.AutomationObject.findElement(AutomationObject.java:111)
	at com.cognizant.cognizantits.engine.core.CommandControl.sync(CommandControl.java:93)
	at com.cognizant.cognizantits.engine.core.CommandControl.sync(CommandControl.java:170)
	at com.cognizant.cognizantits.engine.execution.run.TestStepRunner.executeStep(TestStepRunner.java:160)
	at com.cognizant.cognizantits.engine.execution.run.TestStepRunner.executeStep(TestStepRunner.java:147)
	at com.cognizant.cognizantits.engine.execution.run.TestStepRunner.run(TestStepRunner.java:66)
	at com.cognizant.cognizantits.engine.execution.run.TestCaseRunner.runStep(TestCaseRunner.java:395)
	at com.cognizant.cognizantits.engine.execution.run.TestCaseRunner.run(TestCaseRunner.java:346)
	at com.cognizant.cognizantits.engine.core.Task.runIteration(Task.java:123)
	at com.cognizant.cognizantits.engine.core.Task.run(Task.java:81)
	at java.util.concurrent.ThreadPoolExecutor.runWorker(Unknown Source)
	at java.util.concurrent.ThreadPoolExecutor$Worker.run(Unknown Source)
	at java.lang.Thread.run(Unknown Source)

Couldn't find Object 'User ID :' in stipulated Time '10' Seconds
[FAIL]   | Seems Like the Element [User ID :] is Not Present/Found in the page Try Adding wait or heal it

===================================================================================================

2018-11-13 21:35:48:11S +0530 [SEVERE] com.cognizant.cognizantits.engine.reporting.util.ReportUtils takeScreenshot:null
java.lang.RuntimeException: Error making screenshot
	at com.cognizant.cognizantits.engine.drivers.SeleniumDriver.createNewScreenshot(SeleniumDriver.java:186)
	at com.cognizant.cognizantits.engine.drivers.SeleniumDriver.createScreenShot(SeleniumDriver.java:164)
	at com.cognizant.cognizantits.engine.reporting.util.ReportUtils.takeScreenshot(ReportUtils.java:86)
	at com.cognizant.cognizantits.engine.reporting.impl.html.HtmlTestCaseHandler.takeSSAndPutDetail(HtmlTestCaseHandler.java:288)
	at com.cognizant.cognizantits.engine.reporting.impl.html.HtmlTestCaseHandler.takeScreenShot(HtmlTestCaseHandler.java:249)
	at com.cognizant.cognizantits.engine.reporting.impl.html.HtmlTestCaseHandler.putStatus(HtmlTestCaseHandler.java:226)
	at com.cognizant.cognizantits.engine.reporting.impl.html.HtmlTestCaseHandler.updateTestLog(HtmlTestCaseHandler.java:115)
	at com.cognizant.cognizantits.engine.reporting.TestCaseReport.updateTestLog(TestCaseReport.java:134)
	at com.cognizant.cognizantits.engine.reporting.TestCaseReport.updateTestLog(TestCaseReport.java:105)
	at com.cognizant.cognizantits.engine.execution.run.TestCaseRunner.lambda$reportOnError$0(TestCaseRunner.java:327)
	at java.util.Optional.ifPresent(Unknown Source)
	at com.cognizant.cognizantits.engine.execution.run.TestCaseRunner.reportOnError(TestCaseRunner.java:326)
	at com.cognizant.cognizantits.engine.execution.run.TestCaseRunner.onRuntimeException(TestCaseRunner.java:290)
	at com.cognizant.cognizantits.engine.execution.run.TestCaseRunner.run(TestCaseRunner.java:365)
	at com.cognizant.cognizantits.engine.core.Task.runIteration(Task.java:123)
	at com.cognizant.cognizantits.engine.core.Task.run(Task.java:81)
	at java.util.concurrent.ThreadPoolExecutor.runWorker(Unknown Source)
	at java.util.concurrent.ThreadPoolExecutor$Worker.run(Unknown Source)
	at java.lang.Thread.run(Unknown Source)
Caused by: org.openqa.selenium.WebDriverException: unknown error: call function result missing 'value'
  (Session info: chrome=69.0.3497.100)
  (Driver info: chromedriver=2.31.488763 (092de99f48a300323ecf8c2a4e2e7cab51de5ba8),platform=Windows NT 10.0.17134 x86_64) (WARNING: The server did not provide any stacktrace information)
Command duration or timeout: 0 milliseconds
Build info: version: '3.5.3', revision: 'a88d25fe6b', time: '2017-08-29T12:42:44.417Z'
System info: host: 'MANGALAM', ip: '192.168.43.197', os.name: 'Windows 10', os.arch: 'amd64', os.version: '10.0', java.version: '1.8.0_191'
Driver info: org.openqa.selenium.chrome.ChromeDriver
Capabilities [{mobileEmulationEnabled=false, hasTouchScreen=false, platform=XP, acceptSslCerts=true, webStorageEnabled=true, browserName=chrome, takesScreenshot=true, javascriptEnabled=true, platformName=XP, setWindowRect=true, unexpectedAlertBehaviour=, applicationCacheEnabled=false, rotatable=false, networkConnectionEnabled=false, chrome={chromedriverVersion=2.31.488763 (092de99f48a300323ecf8c2a4e2e7cab51de5ba8), userDataDir=C:\Users\SHREE\AppData\Local\Temp\scoped_dir9544_31246}, takesHeapSnapshot=true, pageLoadStrategy=normal, unhandledPromptBehavior=, databaseEnabled=false, handlesAlerts=true, version=69.0.3497.100, browserConnectionEnabled=false, nativeEvents=true, locationContextEnabled=true, cssSelectorsEnabled=true}]
Session ID: 332d5b9109fa855f535ca503500517cf
	at sun.reflect.NativeConstructorAccessorImpl.newInstance0(Native Method)
	at sun.reflect.NativeConstructorAccessorImpl.newInstance(Unknown Source)
	at sun.reflect.DelegatingConstructorAccessorImpl.newInstance(Unknown Source)
	at java.lang.reflect.Constructor.newInstance(Unknown Source)
	at org.openqa.selenium.remote.ErrorHandler.createThrowable(ErrorHandler.java:215)
	at org.openqa.selenium.remote.ErrorHandler.throwIfResponseFailed(ErrorHandler.java:167)
	at org.openqa.selenium.remote.http.JsonHttpResponseCodec.reconstructValue(JsonHttpResponseCodec.java:40)
	at org.openqa.selenium.remote.http.AbstractHttpResponseCodec.decode(AbstractHttpResponseCodec.java:82)
	at org.openqa.selenium.remote.http.AbstractHttpResponseCodec.decode(AbstractHttpResponseCodec.java:45)
	at org.openqa.selenium.remote.HttpCommandExecutor.execute(HttpCommandExecutor.java:164)
	at org.openqa.selenium.remote.service.DriverCommandExecutor.execute(DriverCommandExecutor.java:82)
	at org.openqa.selenium.remote.RemoteWebDriver.execute(RemoteWebDriver.java:646)
	at org.openqa.selenium.remote.RemoteWebDriver.executeScript(RemoteWebDriver.java:582)
	at com.galenframework.utils.GalenUtils.scrollVerticallyTo(GalenUtils.java:223)
	at com.galenframework.utils.GalenUtils.makeFullScreenshot(GalenUtils.java:110)
	at com.cognizant.cognizantits.engine.drivers.SeleniumDriver.getScreenShotFromGalen(SeleniumDriver.java:197)
	at com.cognizant.cognizantits.engine.drivers.SeleniumDriver.createNewScreenshot(SeleniumDriver.java:183)
	... 18 more

2018-11-13 21:35:48:11S +0530 [SEVERE] com.cognizant.cognizantits.engine.execution.run.TestCaseRunner onRuntimeException:Seems Like the Element [User ID :] is Not Present/Found in the page Try Adding wait or heal it
com.cognizant.cognizantits.engine.execution.exception.element.ElementException: Seems Like the Element [User ID :] is Not Present/Found in the page Try Adding wait or heal it
	at com.cognizant.cognizantits.engine.commands.General.elementDisplayed(General.java:57)
	at com.cognizant.cognizantits.engine.commands.General.elementEnabled(General.java:63)
	at com.cognizant.cognizantits.engine.commands.Basic.Set(Basic.java:97)
	at com.cognizant.cognizantits.engine.support.reflect.MethodExecutor.executeMethod(MethodExecutor.java:39)
	at com.cognizant.cognizantits.engine.execution.run.TestStepRunner.executeAction(TestStepRunner.java:165)
	at com.cognizant.cognizantits.engine.execution.run.TestStepRunner.executeStep(TestStepRunner.java:161)
	at com.cognizant.cognizantits.engine.execution.run.TestStepRunner.executeStep(TestStepRunner.java:147)
	at com.cognizant.cognizantits.engine.execution.run.TestStepRunner.run(TestStepRunner.java:66)
	at com.cognizant.cognizantits.engine.execution.run.TestCaseRunner.runStep(TestCaseRunner.java:395)
	at com.cognizant.cognizantits.engine.execution.run.TestCaseRunner.run(TestCaseRunner.java:346)
	at com.cognizant.cognizantits.engine.core.Task.runIteration(Task.java:123)
	at com.cognizant.cognizantits.engine.core.Task.run(Task.java:81)
	at java.util.concurrent.ThreadPoolExecutor.runWorker(Unknown Source)
	at java.util.concurrent.ThreadPoolExecutor$Worker.run(Unknown Source)
	at java.lang.Thread.run(Unknown Source)

Step:3   | Object: Password : | Action: setEncrypted | Input: @U2VwXzYzNjM= Enc | Conditon:  | @13-Nov-2018 21:35:48.048
2018-11-13 21:35:59:11S +0530 [OFF ] com.cognizant.cognizantits.engine.drivers.AutomationObject getElements:null
org.openqa.selenium.TimeoutException: Expected condition failed: waiting for com.cognizant.cognizantits.engine.drivers.AutomationObject$$Lambda$363/905286142@122b284b (tried for 10 second(s) with 500 MILLISECONDS interval)
Build info: version: '3.5.3', revision: 'a88d25fe6b', time: '2017-08-29T12:42:44.417Z'
System info: host: 'MANGALAM', ip: '192.168.43.197', os.name: 'Windows 10', os.arch: 'amd64', os.version: '10.0', java.version: '1.8.0_191'
Driver info: org.openqa.selenium.chrome.ChromeDriver
Capabilities [{mobileEmulationEnabled=false, hasTouchScreen=false, platform=XP, acceptSslCerts=true, webStorageEnabled=true, browserName=chrome, takesScreenshot=true, javascriptEnabled=true, platformName=XP, setWindowRect=true, unexpectedAlertBehaviour=, applicationCacheEnabled=false, rotatable=false, networkConnectionEnabled=false, chrome={chromedriverVersion=2.31.488763 (092de99f48a300323ecf8c2a4e2e7cab51de5ba8), userDataDir=C:\Users\SHREE\AppData\Local\Temp\scoped_dir9544_31246}, takesHeapSnapshot=true, pageLoadStrategy=normal, unhandledPromptBehavior=, databaseEnabled=false, handlesAlerts=true, version=69.0.3497.100, browserConnectionEnabled=false, nativeEvents=true, locationContextEnabled=true, cssSelectorsEnabled=true}]
Session ID: 332d5b9109fa855f535ca503500517cf
	at org.openqa.selenium.support.ui.WebDriverWait.timeoutException(WebDriverWait.java:80)
	at org.openqa.selenium.support.ui.FluentWait.until(FluentWait.java:232)
	at com.cognizant.cognizantits.engine.drivers.AutomationObject.getElements(AutomationObject.java:303)
	at com.cognizant.cognizantits.engine.drivers.AutomationObject.getWElements(AutomationObject.java:255)
	at com.cognizant.cognizantits.engine.drivers.AutomationObject.findElements(AutomationObject.java:242)
	at com.cognizant.cognizantits.engine.drivers.AutomationObject.findElement(AutomationObject.java:118)
	at com.cognizant.cognizantits.engine.drivers.AutomationObject.findElement(AutomationObject.java:111)
	at com.cognizant.cognizantits.engine.core.CommandControl.sync(CommandControl.java:93)
	at com.cognizant.cognizantits.engine.core.CommandControl.sync(CommandControl.java:170)
	at com.cognizant.cognizantits.engine.execution.run.TestStepRunner.executeStep(TestStepRunner.java:160)
	at com.cognizant.cognizantits.engine.execution.run.TestStepRunner.executeStep(TestStepRunner.java:147)
	at com.cognizant.cognizantits.engine.execution.run.TestStepRunner.run(TestStepRunner.java:66)
	at com.cognizant.cognizantits.engine.execution.run.TestCaseRunner.runStep(TestCaseRunner.java:395)
	at com.cognizant.cognizantits.engine.execution.run.TestCaseRunner.run(TestCaseRunner.java:346)
	at com.cognizant.cognizantits.engine.core.Task.runIteration(Task.java:123)
	at com.cognizant.cognizantits.engine.core.Task.run(Task.java:81)
	at java.util.concurrent.ThreadPoolExecutor.runWorker(Unknown Source)
	at java.util.concurrent.ThreadPoolExecutor$Worker.run(Unknown Source)
	at java.lang.Thread.run(Unknown Source)

Couldn't find Object 'Password :' in stipulated Time '10' Seconds
[FAIL]   | Seems Like the Element [Password :] is Not Present/Found in the page Try Adding wait or heal it

===================================================================================================

2018-11-13 21:35:59:11S +0530 [SEVERE] com.cognizant.cognizantits.engine.reporting.util.ReportUtils takeScreenshot:null
java.lang.RuntimeException: Error making screenshot
	at com.cognizant.cognizantits.engine.drivers.SeleniumDriver.createNewScreenshot(SeleniumDriver.java:186)
	at com.cognizant.cognizantits.engine.drivers.SeleniumDriver.createScreenShot(SeleniumDriver.java:164)
	at com.cognizant.cognizantits.engine.reporting.util.ReportUtils.takeScreenshot(ReportUtils.java:86)
	at com.cognizant.cognizantits.engine.reporting.impl.html.HtmlTestCaseHandler.takeSSAndPutDetail(HtmlTestCaseHandler.java:288)
	at com.cognizant.cognizantits.engine.reporting.impl.html.HtmlTestCaseHandler.takeScreenShot(HtmlTestCaseHandler.java:249)
	at com.cognizant.cognizantits.engine.reporting.impl.html.HtmlTestCaseHandler.putStatus(HtmlTestCaseHandler.java:226)
	at com.cognizant.cognizantits.engine.reporting.impl.html.HtmlTestCaseHandler.updateTestLog(HtmlTestCaseHandler.java:115)
	at com.cognizant.cognizantits.engine.reporting.TestCaseReport.updateTestLog(TestCaseReport.java:134)
	at com.cognizant.cognizantits.engine.reporting.TestCaseReport.updateTestLog(TestCaseReport.java:105)
	at com.cognizant.cognizantits.engine.execution.run.TestCaseRunner.lambda$reportOnError$0(TestCaseRunner.java:327)
	at java.util.Optional.ifPresent(Unknown Source)
	at com.cognizant.cognizantits.engine.execution.run.TestCaseRunner.reportOnError(TestCaseRunner.java:326)
	at com.cognizant.cognizantits.engine.execution.run.TestCaseRunner.onRuntimeException(TestCaseRunner.java:290)
	at com.cognizant.cognizantits.engine.execution.run.TestCaseRunner.run(TestCaseRunner.java:365)
	at com.cognizant.cognizantits.engine.core.Task.runIteration(Task.java:123)
	at com.cognizant.cognizantits.engine.core.Task.run(Task.java:81)
	at java.util.concurrent.ThreadPoolExecutor.runWorker(Unknown Source)
	at java.util.concurrent.ThreadPoolExecutor$Worker.run(Unknown Source)
	at java.lang.Thread.run(Unknown Source)
Caused by: org.openqa.selenium.WebDriverException: unknown error: call function result missing 'value'
  (Session info: chrome=69.0.3497.100)
  (Driver info: chromedriver=2.31.488763 (092de99f48a300323ecf8c2a4e2e7cab51de5ba8),platform=Windows NT 10.0.17134 x86_64) (WARNING: The server did not provide any stacktrace information)
Command duration or timeout: 0 milliseconds
Build info: version: '3.5.3', revision: 'a88d25fe6b', time: '2017-08-29T12:42:44.417Z'
System info: host: 'MANGALAM', ip: '192.168.43.197', os.name: 'Windows 10', os.arch: 'amd64', os.version: '10.0', java.version: '1.8.0_191'
Driver info: org.openqa.selenium.chrome.ChromeDriver
Capabilities [{mobileEmulationEnabled=false, hasTouchScreen=false, platform=XP, acceptSslCerts=true, webStorageEnabled=true, browserName=chrome, takesScreenshot=true, javascriptEnabled=true, platformName=XP, setWindowRect=true, unexpectedAlertBehaviour=, applicationCacheEnabled=false, rotatable=false, networkConnectionEnabled=false, chrome={chromedriverVersion=2.31.488763 (092de99f48a300323ecf8c2a4e2e7cab51de5ba8), userDataDir=C:\Users\SHREE\AppData\Local\Temp\scoped_dir9544_31246}, takesHeapSnapshot=true, pageLoadStrategy=normal, unhandledPromptBehavior=, databaseEnabled=false, handlesAlerts=true, version=69.0.3497.100, browserConnectionEnabled=false, nativeEvents=true, locationContextEnabled=true, cssSelectorsEnabled=true}]
Session ID: 332d5b9109fa855f535ca503500517cf
	at sun.reflect.NativeConstructorAccessorImpl.newInstance0(Native Method)
	at sun.reflect.NativeConstructorAccessorImpl.newInstance(Unknown Source)
	at sun.reflect.DelegatingConstructorAccessorImpl.newInstance(Unknown Source)
	at java.lang.reflect.Constructor.newInstance(Unknown Source)
	at org.openqa.selenium.remote.ErrorHandler.createThrowable(ErrorHandler.java:215)
	at org.openqa.selenium.remote.ErrorHandler.throwIfResponseFailed(ErrorHandler.java:167)
	at org.openqa.selenium.remote.http.JsonHttpResponseCodec.reconstructValue(JsonHttpResponseCodec.java:40)
	at org.openqa.selenium.remote.http.AbstractHttpResponseCodec.decode(AbstractHttpResponseCodec.java:82)
	at org.openqa.selenium.remote.http.AbstractHttpResponseCodec.decode(AbstractHttpResponseCodec.java:45)
	at org.openqa.selenium.remote.HttpCommandExecutor.execute(HttpCommandExecutor.java:164)
	at org.openqa.selenium.remote.service.DriverCommandExecutor.execute(DriverCommandExecutor.java:82)
	at org.openqa.selenium.remote.RemoteWebDriver.execute(RemoteWebDriver.java:646)
	at org.openqa.selenium.remote.RemoteWebDriver.executeScript(RemoteWebDriver.java:582)
	at com.galenframework.utils.GalenUtils.scrollVerticallyTo(GalenUtils.java:223)
	at com.galenframework.utils.GalenUtils.makeFullScreenshot(GalenUtils.java:110)
	at com.cognizant.cognizantits.engine.drivers.SeleniumDriver.getScreenShotFromGalen(SeleniumDriver.java:197)
	at com.cognizant.cognizantits.engine.drivers.SeleniumDriver.createNewScreenshot(SeleniumDriver.java:183)
	... 18 more

2018-11-13 21:35:59:11S +0530 [SEVERE] com.cognizant.cognizantits.engine.execution.run.TestCaseRunner onRuntimeException:Seems Like the Element [Password :] is Not Present/Found in the page Try Adding wait or heal it
com.cognizant.cognizantits.engine.execution.exception.element.ElementException: Seems Like the Element [Password :] is Not Present/Found in the page Try Adding wait or heal it
	at com.cognizant.cognizantits.engine.commands.General.elementDisplayed(General.java:57)
	at com.cognizant.cognizantits.engine.commands.General.elementEnabled(General.java:63)
	at com.cognizant.cognizantits.engine.commands.Basic.setEncrypted(Basic.java:146)
	at com.cognizant.cognizantits.engine.support.reflect.MethodExecutor.executeMethod(MethodExecutor.java:39)
	at com.cognizant.cognizantits.engine.execution.run.TestStepRunner.executeAction(TestStepRunner.java:165)
	at com.cognizant.cognizantits.engine.execution.run.TestStepRunner.executeStep(TestStepRunner.java:161)
	at com.cognizant.cognizantits.engine.execution.run.TestStepRunner.executeStep(TestStepRunner.java:147)
	at com.cognizant.cognizantits.engine.execution.run.TestStepRunner.run(TestStepRunner.java:66)
	at com.cognizant.cognizantits.engine.execution.run.TestCaseRunner.runStep(TestCaseRunner.java:395)
	at com.cognizant.cognizantits.engine.execution.run.TestCaseRunner.run(TestCaseRunner.java:346)
	at com.cognizant.cognizantits.engine.core.Task.runIteration(Task.java:123)
	at com.cognizant.cognizantits.engine.core.Task.run(Task.java:81)
	at java.util.concurrent.ThreadPoolExecutor.runWorker(Unknown Source)
	at java.util.concurrent.ThreadPoolExecutor$Worker.run(Unknown Source)
	at java.lang.Thread.run(Unknown Source)

Step:4   | Object: Login | Action: Click | Input:  | Conditon:  | @13-Nov-2018 21:35:59.059
2018-11-13 21:36:10:11S +0530 [OFF ] com.cognizant.cognizantits.engine.drivers.AutomationObject getElements:null
org.openqa.selenium.TimeoutException: Expected condition failed: waiting for com.cognizant.cognizantits.engine.drivers.AutomationObject$$Lambda$363/905286142@26564c22 (tried for 10 second(s) with 500 MILLISECONDS interval)
Build info: version: '3.5.3', revision: 'a88d25fe6b', time: '2017-08-29T12:42:44.417Z'
System info: host: 'MANGALAM', ip: '192.168.43.197', os.name: 'Windows 10', os.arch: 'amd64', os.version: '10.0', java.version: '1.8.0_191'
Driver info: org.openqa.selenium.chrome.ChromeDriver
Capabilities [{mobileEmulationEnabled=false, hasTouchScreen=false, platform=XP, acceptSslCerts=true, webStorageEnabled=true, browserName=chrome, takesScreenshot=true, javascriptEnabled=true, platformName=XP, setWindowRect=true, unexpectedAlertBehaviour=, applicationCacheEnabled=false, rotatable=false, networkConnectionEnabled=false, chrome={chromedriverVersion=2.31.488763 (092de99f48a300323ecf8c2a4e2e7cab51de5ba8), userDataDir=C:\Users\SHREE\AppData\Local\Temp\scoped_dir9544_31246}, takesHeapSnapshot=true, pageLoadStrategy=normal, unhandledPromptBehavior=, databaseEnabled=false, handlesAlerts=true, version=69.0.3497.100, browserConnectionEnabled=false, nativeEvents=true, locationContextEnabled=true, cssSelectorsEnabled=true}]
Session ID: 332d5b9109fa855f535ca503500517cf
	at org.openqa.selenium.support.ui.WebDriverWait.timeoutException(WebDriverWait.java:80)
	at org.openqa.selenium.support.ui.FluentWait.until(FluentWait.java:232)
	at com.cognizant.cognizantits.engine.drivers.AutomationObject.getElements(AutomationObject.java:303)
	at com.cognizant.cognizantits.engine.drivers.AutomationObject.getWElements(AutomationObject.java:255)
	at com.cognizant.cognizantits.engine.drivers.AutomationObject.findElements(AutomationObject.java:242)
	at com.cognizant.cognizantits.engine.drivers.AutomationObject.findElement(AutomationObject.java:118)
	at com.cognizant.cognizantits.engine.drivers.AutomationObject.findElement(AutomationObject.java:111)
	at com.cognizant.cognizantits.engine.core.CommandControl.sync(CommandControl.java:93)
	at com.cognizant.cognizantits.engine.core.CommandControl.sync(CommandControl.java:170)
	at com.cognizant.cognizantits.engine.execution.run.TestStepRunner.executeStep(TestStepRunner.java:160)
	at com.cognizant.cognizantits.engine.execution.run.TestStepRunner.executeStep(TestStepRunner.java:147)
	at com.cognizant.cognizantits.engine.execution.run.TestStepRunner.run(TestStepRunner.java:66)
	at com.cognizant.cognizantits.engine.execution.run.TestCaseRunner.runStep(TestCaseRunner.java:395)
	at com.cognizant.cognizantits.engine.execution.run.TestCaseRunner.run(TestCaseRunner.java:346)
	at com.cognizant.cognizantits.engine.core.Task.runIteration(Task.java:123)
	at com.cognizant.cognizantits.engine.core.Task.run(Task.java:81)
	at java.util.concurrent.ThreadPoolExecutor.runWorker(Unknown Source)
	at java.util.concurrent.ThreadPoolExecutor$Worker.run(Unknown Source)
	at java.lang.Thread.run(Unknown Source)

Couldn't find Object 'Login' in stipulated Time '10' Seconds
[FAIL]   | Seems Like the Element [Login] is Not Present/Found in the page Try Adding wait or heal it

===================================================================================================

2018-11-13 21:36:10:11S +0530 [SEVERE] com.cognizant.cognizantits.engine.reporting.util.ReportUtils takeScreenshot:null
java.lang.RuntimeException: Error making screenshot
	at com.cognizant.cognizantits.engine.drivers.SeleniumDriver.createNewScreenshot(SeleniumDriver.java:186)
	at com.cognizant.cognizantits.engine.drivers.SeleniumDriver.createScreenShot(SeleniumDriver.java:164)
	at com.cognizant.cognizantits.engine.reporting.util.ReportUtils.takeScreenshot(ReportUtils.java:86)
	at com.cognizant.cognizantits.engine.reporting.impl.html.HtmlTestCaseHandler.takeSSAndPutDetail(HtmlTestCaseHandler.java:288)
	at com.cognizant.cognizantits.engine.reporting.impl.html.HtmlTestCaseHandler.takeScreenShot(HtmlTestCaseHandler.java:249)
	at com.cognizant.cognizantits.engine.reporting.impl.html.HtmlTestCaseHandler.putStatus(HtmlTestCaseHandler.java:226)
	at com.cognizant.cognizantits.engine.reporting.impl.html.HtmlTestCaseHandler.updateTestLog(HtmlTestCaseHandler.java:115)
	at com.cognizant.cognizantits.engine.reporting.TestCaseReport.updateTestLog(TestCaseReport.java:134)
	at com.cognizant.cognizantits.engine.reporting.TestCaseReport.updateTestLog(TestCaseReport.java:105)
	at com.cognizant.cognizantits.engine.execution.run.TestCaseRunner.lambda$reportOnError$0(TestCaseRunner.java:327)
	at java.util.Optional.ifPresent(Unknown Source)
	at com.cognizant.cognizantits.engine.execution.run.TestCaseRunner.reportOnError(TestCaseRunner.java:326)
	at com.cognizant.cognizantits.engine.execution.run.TestCaseRunner.onRuntimeException(TestCaseRunner.java:290)
	at com.cognizant.cognizantits.engine.execution.run.TestCaseRunner.run(TestCaseRunner.java:365)
	at com.cognizant.cognizantits.engine.core.Task.runIteration(Task.java:123)
	at com.cognizant.cognizantits.engine.core.Task.run(Task.java:81)
	at java.util.concurrent.ThreadPoolExecutor.runWorker(Unknown Source)
	at java.util.concurrent.ThreadPoolExecutor$Worker.run(Unknown Source)
	at java.lang.Thread.run(Unknown Source)
Caused by: org.openqa.selenium.WebDriverException: unknown error: call function result missing 'value'
  (Session info: chrome=69.0.3497.100)
  (Driver info: chromedriver=2.31.488763 (092de99f48a300323ecf8c2a4e2e7cab51de5ba8),platform=Windows NT 10.0.17134 x86_64) (WARNING: The server did not provide any stacktrace information)
Command duration or timeout: 0 milliseconds
Build info: version: '3.5.3', revision: 'a88d25fe6b', time: '2017-08-29T12:42:44.417Z'
System info: host: 'MANGALAM', ip: '192.168.43.197', os.name: 'Windows 10', os.arch: 'amd64', os.version: '10.0', java.version: '1.8.0_191'
Driver info: org.openqa.selenium.chrome.ChromeDriver
Capabilities [{mobileEmulationEnabled=false, hasTouchScreen=false, platform=XP, acceptSslCerts=true, webStorageEnabled=true, browserName=chrome, takesScreenshot=true, javascriptEnabled=true, platformName=XP, setWindowRect=true, unexpectedAlertBehaviour=, applicationCacheEnabled=false, rotatable=false, networkConnectionEnabled=false, chrome={chromedriverVersion=2.31.488763 (092de99f48a300323ecf8c2a4e2e7cab51de5ba8), userDataDir=C:\Users\SHREE\AppData\Local\Temp\scoped_dir9544_31246}, takesHeapSnapshot=true, pageLoadStrategy=normal, unhandledPromptBehavior=, databaseEnabled=false, handlesAlerts=true, version=69.0.3497.100, browserConnectionEnabled=false, nativeEvents=true, locationContextEnabled=true, cssSelectorsEnabled=true}]
Session ID: 332d5b9109fa855f535ca503500517cf
	at sun.reflect.NativeConstructorAccessorImpl.newInstance0(Native Method)
	at sun.reflect.NativeConstructorAccessorImpl.newInstance(Unknown Source)
	at sun.reflect.DelegatingConstructorAccessorImpl.newInstance(Unknown Source)
	at java.lang.reflect.Constructor.newInstance(Unknown Source)
	at org.openqa.selenium.remote.ErrorHandler.createThrowable(ErrorHandler.java:215)
	at org.openqa.selenium.remote.ErrorHandler.throwIfResponseFailed(ErrorHandler.java:167)
	at org.openqa.selenium.remote.http.JsonHttpResponseCodec.reconstructValue(JsonHttpResponseCodec.java:40)
	at org.openqa.selenium.remote.http.AbstractHttpResponseCodec.decode(AbstractHttpResponseCodec.java:82)
	at org.openqa.selenium.remote.http.AbstractHttpResponseCodec.decode(AbstractHttpResponseCodec.java:45)
	at org.openqa.selenium.remote.HttpCommandExecutor.execute(HttpCommandExecutor.java:164)
	at org.openqa.selenium.remote.service.DriverCommandExecutor.execute(DriverCommandExecutor.java:82)
	at org.openqa.selenium.remote.RemoteWebDriver.execute(RemoteWebDriver.java:646)
	at org.openqa.selenium.remote.RemoteWebDriver.executeScript(RemoteWebDriver.java:582)
	at com.galenframework.utils.GalenUtils.scrollVerticallyTo(GalenUtils.java:223)
	at com.galenframework.utils.GalenUtils.makeFullScreenshot(GalenUtils.java:110)
	at com.cognizant.cognizantits.engine.drivers.SeleniumDriver.getScreenShotFromGalen(SeleniumDriver.java:197)
	at com.cognizant.cognizantits.engine.drivers.SeleniumDriver.createNewScreenshot(SeleniumDriver.java:183)
	... 18 more

2018-11-13 21:36:10:11S +0530 [SEVERE] com.cognizant.cognizantits.engine.execution.run.TestCaseRunner onRuntimeException:Seems Like the Element [Login] is Not Present/Found in the page Try Adding wait or heal it
com.cognizant.cognizantits.engine.execution.exception.element.ElementException: Seems Like the Element [Login] is Not Present/Found in the page Try Adding wait or heal it
	at com.cognizant.cognizantits.engine.commands.General.elementDisplayed(General.java:57)
	at com.cognizant.cognizantits.engine.commands.General.elementEnabled(General.java:63)
	at com.cognizant.cognizantits.engine.commands.Basic.Click(Basic.java:45)
	at com.cognizant.cognizantits.engine.support.reflect.MethodExecutor.executeMethod(MethodExecutor.java:39)
	at com.cognizant.cognizantits.engine.execution.run.TestStepRunner.executeAction(TestStepRunner.java:165)
	at com.cognizant.cognizantits.engine.execution.run.TestStepRunner.executeStep(TestStepRunner.java:161)
	at com.cognizant.cognizantits.engine.execution.run.TestStepRunner.executeStep(TestStepRunner.java:147)
	at com.cognizant.cognizantits.engine.execution.run.TestStepRunner.run(TestStepRunner.java:66)
	at com.cognizant.cognizantits.engine.execution.run.TestCaseRunner.runStep(TestCaseRunner.java:395)
	at com.cognizant.cognizantits.engine.execution.run.TestCaseRunner.run(TestCaseRunner.java:346)
	at com.cognizant.cognizantits.engine.core.Task.runIteration(Task.java:123)
	at com.cognizant.cognizantits.engine.core.Task.run(Task.java:81)
	at java.util.concurrent.ThreadPoolExecutor.runWorker(Unknown Source)
	at java.util.concurrent.ThreadPoolExecutor$Worker.run(Unknown Source)
	at java.lang.Thread.run(Unknown Source)

Step:5   | Object: × | Action: Click | Input:  | Conditon:  | @13-Nov-2018 21:36:10.010
jar:file:/F:/cognizant-intelligent-test-scripter-1.1/lib/cognizant-intelligent-test-scripter-extensionconnect-1.1.jar!/localhost
2018-11-13 21:36:19:11S +0530 [INFO] com.cognizant.cognizantits.extension.server.ExtensionServer startRecord:Launching Server for Record
2018-11-13 21:36:19:11S +0530 [INFO] com.cognizant.cognizantits.extension.server.ExtensionServer$1 run:Starting Server
2018-11-13 21:36:20:11S +0530 [OFF ] com.cognizant.cognizantits.engine.drivers.AutomationObject getElements:null
org.openqa.selenium.TimeoutException: Expected condition failed: waiting for com.cognizant.cognizantits.engine.drivers.AutomationObject$$Lambda$363/905286142@62cc920b (tried for 10 second(s) with 500 MILLISECONDS interval)
Build info: version: '3.5.3', revision: 'a88d25fe6b', time: '2017-08-29T12:42:44.417Z'
System info: host: 'MANGALAM', ip: '192.168.43.197', os.name: 'Windows 10', os.arch: 'amd64', os.version: '10.0', java.version: '1.8.0_191'
Driver info: org.openqa.selenium.chrome.ChromeDriver
Capabilities [{mobileEmulationEnabled=false, hasTouchScreen=false, platform=XP, acceptSslCerts=true, webStorageEnabled=true, browserName=chrome, takesScreenshot=true, javascriptEnabled=true, platformName=XP, setWindowRect=true, unexpectedAlertBehaviour=, applicationCacheEnabled=false, rotatable=false, networkConnectionEnabled=false, chrome={chromedriverVersion=2.31.488763 (092de99f48a300323ecf8c2a4e2e7cab51de5ba8), userDataDir=C:\Users\SHREE\AppData\Local\Temp\scoped_dir9544_31246}, takesHeapSnapshot=true, pageLoadStrategy=normal, unhandledPromptBehavior=, databaseEnabled=false, handlesAlerts=true, version=69.0.3497.100, browserConnectionEnabled=false, nativeEvents=true, locationContextEnabled=true, cssSelectorsEnabled=true}]
Session ID: 332d5b9109fa855f535ca503500517cf
	at org.openqa.selenium.support.ui.WebDriverWait.timeoutException(WebDriverWait.java:80)
	at org.openqa.selenium.support.ui.FluentWait.until(FluentWait.java:232)
	at com.cognizant.cognizantits.engine.drivers.AutomationObject.getElements(AutomationObject.java:303)
	at com.cognizant.cognizantits.engine.drivers.AutomationObject.getWElements(AutomationObject.java:255)
	at com.cognizant.cognizantits.engine.drivers.AutomationObject.findElements(AutomationObject.java:242)
	at com.cognizant.cognizantits.engine.drivers.AutomationObject.findElement(AutomationObject.java:118)
	at com.cognizant.cognizantits.engine.drivers.AutomationObject.findElement(AutomationObject.java:111)
	at com.cognizant.cognizantits.engine.core.CommandControl.sync(CommandControl.java:93)
	at com.cognizant.cognizantits.engine.core.CommandControl.sync(CommandControl.java:170)
	at com.cognizant.cognizantits.engine.execution.run.TestStepRunner.executeStep(TestStepRunner.java:160)
	at com.cognizant.cognizantits.engine.execution.run.TestStepRunner.executeStep(TestStepRunner.java:147)
	at com.cognizant.cognizantits.engine.execution.run.TestStepRunner.run(TestStepRunner.java:66)
	at com.cognizant.cognizantits.engine.execution.run.TestCaseRunner.runStep(TestCaseRunner.java:395)
	at com.cognizant.cognizantits.engine.execution.run.TestCaseRunner.run(TestCaseRunner.java:346)
	at com.cognizant.cognizantits.engine.core.Task.runIteration(Task.java:123)
	at com.cognizant.cognizantits.engine.core.Task.run(Task.java:81)
	at java.util.concurrent.ThreadPoolExecutor.runWorker(Unknown Source)
	at java.util.concurrent.ThreadPoolExecutor$Worker.run(Unknown Source)
	at java.lang.Thread.run(Unknown Source)

Couldn't find Object '×' in stipulated Time '10' Seconds
[FAIL]   | Seems Like the Element [×] is Not Present/Found in the page Try Adding wait or heal it

===================================================================================================

2018-11-13 21:36:20:11S +0530 [SEVERE] com.cognizant.cognizantits.engine.reporting.util.ReportUtils takeScreenshot:null
java.lang.RuntimeException: Error making screenshot
	at com.cognizant.cognizantits.engine.drivers.SeleniumDriver.createNewScreenshot(SeleniumDriver.java:186)
	at com.cognizant.cognizantits.engine.drivers.SeleniumDriver.createScreenShot(SeleniumDriver.java:164)
	at com.cognizant.cognizantits.engine.reporting.util.ReportUtils.takeScreenshot(ReportUtils.java:86)
	at com.cognizant.cognizantits.engine.reporting.impl.html.HtmlTestCaseHandler.takeSSAndPutDetail(HtmlTestCaseHandler.java:288)
	at com.cognizant.cognizantits.engine.reporting.impl.html.HtmlTestCaseHandler.takeScreenShot(HtmlTestCaseHandler.java:249)
	at com.cognizant.cognizantits.engine.reporting.impl.html.HtmlTestCaseHandler.putStatus(HtmlTestCaseHandler.java:226)
	at com.cognizant.cognizantits.engine.reporting.impl.html.HtmlTestCaseHandler.updateTestLog(HtmlTestCaseHandler.java:115)
	at com.cognizant.cognizantits.engine.reporting.TestCaseReport.updateTestLog(TestCaseReport.java:134)
	at com.cognizant.cognizantits.engine.reporting.TestCaseReport.updateTestLog(TestCaseReport.java:105)
	at com.cognizant.cognizantits.engine.execution.run.TestCaseRunner.lambda$reportOnError$0(TestCaseRunner.java:327)
	at java.util.Optional.ifPresent(Unknown Source)
	at com.cognizant.cognizantits.engine.execution.run.TestCaseRunner.reportOnError(TestCaseRunner.java:326)
	at com.cognizant.cognizantits.engine.execution.run.TestCaseRunner.onRuntimeException(TestCaseRunner.java:290)
	at com.cognizant.cognizantits.engine.execution.run.TestCaseRunner.run(TestCaseRunner.java:365)
	at com.cognizant.cognizantits.engine.core.Task.runIteration(Task.java:123)
	at com.cognizant.cognizantits.engine.core.Task.run(Task.java:81)
	at java.util.concurrent.ThreadPoolExecutor.runWorker(Unknown Source)
	at java.util.concurrent.ThreadPoolExecutor$Worker.run(Unknown Source)
	at java.lang.Thread.run(Unknown Source)
Caused by: org.openqa.selenium.WebDriverException: unknown error: call function result missing 'value'
  (Session info: chrome=69.0.3497.100)
  (Driver info: chromedriver=2.31.488763 (092de99f48a300323ecf8c2a4e2e7cab51de5ba8),platform=Windows NT 10.0.17134 x86_64) (WARNING: The server did not provide any stacktrace information)
Command duration or timeout: 0 milliseconds
Build info: version: '3.5.3', revision: 'a88d25fe6b', time: '2017-08-29T12:42:44.417Z'
System info: host: 'MANGALAM', ip: '192.168.43.197', os.name: 'Windows 10', os.arch: 'amd64', os.version: '10.0', java.version: '1.8.0_191'
Driver info: org.openqa.selenium.chrome.ChromeDriver
Capabilities [{mobileEmulationEnabled=false, hasTouchScreen=false, platform=XP, acceptSslCerts=true, webStorageEnabled=true, browserName=chrome, takesScreenshot=true, javascriptEnabled=true, platformName=XP, setWindowRect=true, unexpectedAlertBehaviour=, applicationCacheEnabled=false, rotatable=false, networkConnectionEnabled=false, chrome={chromedriverVersion=2.31.488763 (092de99f48a300323ecf8c2a4e2e7cab51de5ba8), userDataDir=C:\Users\SHREE\AppData\Local\Temp\scoped_dir9544_31246}, takesHeapSnapshot=true, pageLoadStrategy=normal, unhandledPromptBehavior=, databaseEnabled=false, handlesAlerts=true, version=69.0.3497.100, browserConnectionEnabled=false, nativeEvents=true, locationContextEnabled=true, cssSelectorsEnabled=true}]
Session ID: 332d5b9109fa855f535ca503500517cf
	at sun.reflect.GeneratedConstructorAccessor40.newInstance(Unknown Source)
	at sun.reflect.DelegatingConstructorAccessorImpl.newInstance(Unknown Source)
	at java.lang.reflect.Constructor.newInstance(Unknown Source)
	at org.openqa.selenium.remote.ErrorHandler.createThrowable(ErrorHandler.java:215)
	at org.openqa.selenium.remote.ErrorHandler.throwIfResponseFailed(ErrorHandler.java:167)
	at org.openqa.selenium.remote.http.JsonHttpResponseCodec.reconstructValue(JsonHttpResponseCodec.java:40)
	at org.openqa.selenium.remote.http.AbstractHttpResponseCodec.decode(AbstractHttpResponseCodec.java:82)
	at org.openqa.selenium.remote.http.AbstractHttpResponseCodec.decode(AbstractHttpResponseCodec.java:45)
	at org.openqa.selenium.remote.HttpCommandExecutor.execute(HttpCommandExecutor.java:164)
	at org.openqa.selenium.remote.service.DriverCommandExecutor.execute(DriverCommandExecutor.java:82)
	at org.openqa.selenium.remote.RemoteWebDriver.execute(RemoteWebDriver.java:646)
	at org.openqa.selenium.remote.RemoteWebDriver.executeScript(RemoteWebDriver.java:582)
	at com.galenframework.utils.GalenUtils.scrollVerticallyTo(GalenUtils.java:223)
	at com.galenframework.utils.GalenUtils.makeFullScreenshot(GalenUtils.java:110)
	at com.cognizant.cognizantits.engine.drivers.SeleniumDriver.getScreenShotFromGalen(SeleniumDriver.java:197)
	at com.cognizant.cognizantits.engine.drivers.SeleniumDriver.createNewScreenshot(SeleniumDriver.java:183)
	... 18 more

2018-11-13 21:36:20:11S +0530 [SEVERE] com.cognizant.cognizantits.engine.execution.run.TestCaseRunner onRuntimeException:Seems Like the Element [×] is Not Present/Found in the page Try Adding wait or heal it
com.cognizant.cognizantits.engine.execution.exception.element.ElementException: Seems Like the Element [×] is Not Present/Found in the page Try Adding wait or heal it
	at com.cognizant.cognizantits.engine.commands.General.elementDisplayed(General.java:57)
	at com.cognizant.cognizantits.engine.commands.General.elementEnabled(General.java:63)
	at com.cognizant.cognizantits.engine.commands.Basic.Click(Basic.java:45)
	at com.cognizant.cognizantits.engine.support.reflect.MethodExecutor.executeMethod(MethodExecutor.java:39)
	at com.cognizant.cognizantits.engine.execution.run.TestStepRunner.executeAction(TestStepRunner.java:165)
	at com.cognizant.cognizantits.engine.execution.run.TestStepRunner.executeStep(TestStepRunner.java:161)
	at com.cognizant.cognizantits.engine.execution.run.TestStepRunner.executeStep(TestStepRunner.java:147)
	at com.cognizant.cognizantits.engine.execution.run.TestStepRunner.run(TestStepRunner.java:66)
	at com.cognizant.cognizantits.engine.execution.run.TestCaseRunner.runStep(TestCaseRunner.java:395)
	at com.cognizant.cognizantits.engine.execution.run.TestCaseRunner.run(TestCaseRunner.java:346)
	at com.cognizant.cognizantits.engine.core.Task.runIteration(Task.java:123)
	at com.cognizant.cognizantits.engine.core.Task.run(Task.java:81)
	at java.util.concurrent.ThreadPoolExecutor.runWorker(Unknown Source)
	at java.util.concurrent.ThreadPoolExecutor$Worker.run(Unknown Source)
	at java.lang.Thread.run(Unknown Source)

Step:6   | Object: Resources | Action: Click | Input:  | Conditon:  | @13-Nov-2018 21:36:20.020
jar:file:/F:/cognizant-intelligent-test-scripter-1.1/lib/cognizant-intelligent-test-scripter-extensionconnect-1.1.jar!/localhost2018-11-13 21:36:27:11S +0530 [INFO] com.cognizant.cognizantits.extension.server.ExtensionServer$1 run:Server Stopped

2018-11-13 21:36:31:11S +0530 [OFF ] com.cognizant.cognizantits.engine.drivers.AutomationObject getElements:null
org.openqa.selenium.TimeoutException: Expected condition failed: waiting for com.cognizant.cognizantits.engine.drivers.AutomationObject$$Lambda$363/905286142@6b40adc9 (tried for 10 second(s) with 500 MILLISECONDS interval)
Build info: version: '3.5.3', revision: 'a88d25fe6b', time: '2017-08-29T12:42:44.417Z'
System info: host: 'MANGALAM', ip: '192.168.43.197', os.name: 'Windows 10', os.arch: 'amd64', os.version: '10.0', java.version: '1.8.0_191'
Driver info: org.openqa.selenium.chrome.ChromeDriver
Capabilities [{mobileEmulationEnabled=false, hasTouchScreen=false, platform=XP, acceptSslCerts=true, webStorageEnabled=true, browserName=chrome, takesScreenshot=true, javascriptEnabled=true, platformName=XP, setWindowRect=true, unexpectedAlertBehaviour=, applicationCacheEnabled=false, rotatable=false, networkConnectionEnabled=false, chrome={chromedriverVersion=2.31.488763 (092de99f48a300323ecf8c2a4e2e7cab51de5ba8), userDataDir=C:\Users\SHREE\AppData\Local\Temp\scoped_dir9544_31246}, takesHeapSnapshot=true, pageLoadStrategy=normal, unhandledPromptBehavior=, databaseEnabled=false, handlesAlerts=true, version=69.0.3497.100, browserConnectionEnabled=false, nativeEvents=true, locationContextEnabled=true, cssSelectorsEnabled=true}]
Session ID: 332d5b9109fa855f535ca503500517cf
	at org.openqa.selenium.support.ui.WebDriverWait.timeoutException(WebDriverWait.java:80)
	at org.openqa.selenium.support.ui.FluentWait.until(FluentWait.java:232)
	at com.cognizant.cognizantits.engine.drivers.AutomationObject.getElements(AutomationObject.java:303)
	at com.cognizant.cognizantits.engine.drivers.AutomationObject.getWElements(AutomationObject.java:255)
	at com.cognizant.cognizantits.engine.drivers.AutomationObject.findElements(AutomationObject.java:242)
	at com.cognizant.cognizantits.engine.drivers.AutomationObject.findElement(AutomationObject.java:118)
	at com.cognizant.cognizantits.engine.drivers.AutomationObject.findElement(AutomationObject.java:111)
	at com.cognizant.cognizantits.engine.core.CommandControl.sync(CommandControl.java:93)
	at com.cognizant.cognizantits.engine.core.CommandControl.sync(CommandControl.java:170)
	at com.cognizant.cognizantits.engine.execution.run.TestStepRunner.executeStep(TestStepRunner.java:160)
	at com.cognizant.cognizantits.engine.execution.run.TestStepRunner.executeStep(TestStepRunner.java:147)
	at com.cognizant.cognizantits.engine.execution.run.TestStepRunner.run(TestStepRunner.java:66)
	at com.cognizant.cognizantits.engine.execution.run.TestCaseRunner.runStep(TestCaseRunner.java:395)
	at com.cognizant.cognizantits.engine.execution.run.TestCaseRunner.run(TestCaseRunner.java:346)
	at com.cognizant.cognizantits.engine.core.Task.runIteration(Task.java:123)
	at com.cognizant.cognizantits.engine.core.Task.run(Task.java:81)
	at java.util.concurrent.ThreadPoolExecutor.runWorker(Unknown Source)
	at java.util.concurrent.ThreadPoolExecutor$Worker.run(Unknown Source)
	at java.lang.Thread.run(Unknown Source)

Couldn't find Object 'Resources' in stipulated Time '10' Seconds
[FAIL]   | Seems Like the Element [Resources] is Not Present/Found in the page Try Adding wait or heal it

===================================================================================================

2018-11-13 21:36:31:11S +0530 [SEVERE] com.cognizant.cognizantits.engine.reporting.util.ReportUtils takeScreenshot:null
java.lang.RuntimeException: Error making screenshot
	at com.cognizant.cognizantits.engine.drivers.SeleniumDriver.createNewScreenshot(SeleniumDriver.java:186)
	at com.cognizant.cognizantits.engine.drivers.SeleniumDriver.createScreenShot(SeleniumDriver.java:164)
	at com.cognizant.cognizantits.engine.reporting.util.ReportUtils.takeScreenshot(ReportUtils.java:86)
	at com.cognizant.cognizantits.engine.reporting.impl.html.HtmlTestCaseHandler.takeSSAndPutDetail(HtmlTestCaseHandler.java:288)
	at com.cognizant.cognizantits.engine.reporting.impl.html.HtmlTestCaseHandler.takeScreenShot(HtmlTestCaseHandler.java:249)
	at com.cognizant.cognizantits.engine.reporting.impl.html.HtmlTestCaseHandler.putStatus(HtmlTestCaseHandler.java:226)
	at com.cognizant.cognizantits.engine.reporting.impl.html.HtmlTestCaseHandler.updateTestLog(HtmlTestCaseHandler.java:115)
	at com.cognizant.cognizantits.engine.reporting.TestCaseReport.updateTestLog(TestCaseReport.java:134)
	at com.cognizant.cognizantits.engine.reporting.TestCaseReport.updateTestLog(TestCaseReport.java:105)
	at com.cognizant.cognizantits.engine.execution.run.TestCaseRunner.lambda$reportOnError$0(TestCaseRunner.java:327)
	at java.util.Optional.ifPresent(Unknown Source)
	at com.cognizant.cognizantits.engine.execution.run.TestCaseRunner.reportOnError(TestCaseRunner.java:326)
	at com.cognizant.cognizantits.engine.execution.run.TestCaseRunner.onRuntimeException(TestCaseRunner.java:290)
	at com.cognizant.cognizantits.engine.execution.run.TestCaseRunner.run(TestCaseRunner.java:365)
	at com.cognizant.cognizantits.engine.core.Task.runIteration(Task.java:123)
	at com.cognizant.cognizantits.engine.core.Task.run(Task.java:81)
	at java.util.concurrent.ThreadPoolExecutor.runWorker(Unknown Source)
	at java.util.concurrent.ThreadPoolExecutor$Worker.run(Unknown Source)
	at java.lang.Thread.run(Unknown Source)
Caused by: org.openqa.selenium.WebDriverException: unknown error: call function result missing 'value'
  (Session info: chrome=69.0.3497.100)
  (Driver info: chromedriver=2.31.488763 (092de99f48a300323ecf8c2a4e2e7cab51de5ba8),platform=Windows NT 10.0.17134 x86_64) (WARNING: The server did not provide any stacktrace information)
Command duration or timeout: 0 milliseconds
Build info: version: '3.5.3', revision: 'a88d25fe6b', time: '2017-08-29T12:42:44.417Z'
System info: host: 'MANGALAM', ip: '192.168.43.197', os.name: 'Windows 10', os.arch: 'amd64', os.version: '10.0', java.version: '1.8.0_191'
Driver info: org.openqa.selenium.chrome.ChromeDriver
Capabilities [{mobileEmulationEnabled=false, hasTouchScreen=false, platform=XP, acceptSslCerts=true, webStorageEnabled=true, browserName=chrome, takesScreenshot=true, javascriptEnabled=true, platformName=XP, setWindowRect=true, unexpectedAlertBehaviour=, applicationCacheEnabled=false, rotatable=false, networkConnectionEnabled=false, chrome={chromedriverVersion=2.31.488763 (092de99f48a300323ecf8c2a4e2e7cab51de5ba8), userDataDir=C:\Users\SHREE\AppData\Local\Temp\scoped_dir9544_31246}, takesHeapSnapshot=true, pageLoadStrategy=normal, unhandledPromptBehavior=, databaseEnabled=false, handlesAlerts=true, version=69.0.3497.100, browserConnectionEnabled=false, nativeEvents=true, locationContextEnabled=true, cssSelectorsEnabled=true}]
Session ID: 332d5b9109fa855f535ca503500517cf
	at sun.reflect.GeneratedConstructorAccessor40.newInstance(Unknown Source)
	at sun.reflect.DelegatingConstructorAccessorImpl.newInstance(Unknown Source)
	at java.lang.reflect.Constructor.newInstance(Unknown Source)
	at org.openqa.selenium.remote.ErrorHandler.createThrowable(ErrorHandler.java:215)
	at org.openqa.selenium.remote.ErrorHandler.throwIfResponseFailed(ErrorHandler.java:167)
	at org.openqa.selenium.remote.http.JsonHttpResponseCodec.reconstructValue(JsonHttpResponseCodec.java:40)
	at org.openqa.selenium.remote.http.AbstractHttpResponseCodec.decode(AbstractHttpResponseCodec.java:82)
	at org.openqa.selenium.remote.http.AbstractHttpResponseCodec.decode(AbstractHttpResponseCodec.java:45)
	at org.openqa.selenium.remote.HttpCommandExecutor.execute(HttpCommandExecutor.java:164)
	at org.openqa.selenium.remote.service.DriverCommandExecutor.execute(DriverCommandExecutor.java:82)
	at org.openqa.selenium.remote.RemoteWebDriver.execute(RemoteWebDriver.java:646)
	at org.openqa.selenium.remote.RemoteWebDriver.executeScript(RemoteWebDriver.java:582)
	at com.galenframework.utils.GalenUtils.scrollVerticallyTo(GalenUtils.java:223)
	at com.galenframework.utils.GalenUtils.makeFullScreenshot(GalenUtils.java:110)
	at com.cognizant.cognizantits.engine.drivers.SeleniumDriver.getScreenShotFromGalen(SeleniumDriver.java:197)
	at com.cognizant.cognizantits.engine.drivers.SeleniumDriver.createNewScreenshot(SeleniumDriver.java:183)
	... 18 more

2018-11-13 21:36:31:11S +0530 [SEVERE] com.cognizant.cognizantits.engine.execution.run.TestCaseRunner onRuntimeException:Seems Like the Element [Resources] is Not Present/Found in the page Try Adding wait or heal it
com.cognizant.cognizantits.engine.execution.exception.element.ElementException: Seems Like the Element [Resources] is Not Present/Found in the page Try Adding wait or heal it
	at com.cognizant.cognizantits.engine.commands.General.elementDisplayed(General.java:57)
	at com.cognizant.cognizantits.engine.commands.General.elementEnabled(General.java:63)
	at com.cognizant.cognizantits.engine.commands.Basic.Click(Basic.java:45)
	at com.cognizant.cognizantits.engine.support.reflect.MethodExecutor.executeMethod(MethodExecutor.java:39)
	at com.cognizant.cognizantits.engine.execution.run.TestStepRunner.executeAction(TestStepRunner.java:165)
	at com.cognizant.cognizantits.engine.execution.run.TestStepRunner.executeStep(TestStepRunner.java:161)
	at com.cognizant.cognizantits.engine.execution.run.TestStepRunner.executeStep(TestStepRunner.java:147)
	at com.cognizant.cognizantits.engine.execution.run.TestStepRunner.run(TestStepRunner.java:66)
	at com.cognizant.cognizantits.engine.execution.run.TestCaseRunner.runStep(TestCaseRunner.java:395)
	at com.cognizant.cognizantits.engine.execution.run.TestCaseRunner.run(TestCaseRunner.java:346)
	at com.cognizant.cognizantits.engine.core.Task.runIteration(Task.java:123)
	at com.cognizant.cognizantits.engine.core.Task.run(Task.java:81)
	at java.util.concurrent.ThreadPoolExecutor.runWorker(Unknown Source)
	at java.util.concurrent.ThreadPoolExecutor$Worker.run(Unknown Source)
	at java.lang.Thread.run(Unknown Source)

Step:7   | Object: Downloads | Action: Click | Input:  | Conditon:  | @13-Nov-2018 21:36:31.031
2018-11-13 21:36:41:11S +0530 [OFF ] com.cognizant.cognizantits.engine.drivers.AutomationObject getElements:null
org.openqa.selenium.TimeoutException: Expected condition failed: waiting for com.cognizant.cognizantits.engine.drivers.AutomationObject$$Lambda$363/905286142@76afecf5 (tried for 10 second(s) with 500 MILLISECONDS interval)
Build info: version: '3.5.3', revision: 'a88d25fe6b', time: '2017-08-29T12:42:44.417Z'
System info: host: 'MANGALAM', ip: '192.168.43.197', os.name: 'Windows 10', os.arch: 'amd64', os.version: '10.0', java.version: '1.8.0_191'
Driver info: org.openqa.selenium.chrome.ChromeDriver
Capabilities [{mobileEmulationEnabled=false, hasTouchScreen=false, platform=XP, acceptSslCerts=true, webStorageEnabled=true, browserName=chrome, takesScreenshot=true, javascriptEnabled=true, platformName=XP, setWindowRect=true, unexpectedAlertBehaviour=, applicationCacheEnabled=false, rotatable=false, networkConnectionEnabled=false, chrome={chromedriverVersion=2.31.488763 (092de99f48a300323ecf8c2a4e2e7cab51de5ba8), userDataDir=C:\Users\SHREE\AppData\Local\Temp\scoped_dir9544_31246}, takesHeapSnapshot=true, pageLoadStrategy=normal, unhandledPromptBehavior=, databaseEnabled=false, handlesAlerts=true, version=69.0.3497.100, browserConnectionEnabled=false, nativeEvents=true, locationContextEnabled=true, cssSelectorsEnabled=true}]
Session ID: 332d5b9109fa855f535ca503500517cf
	at org.openqa.selenium.support.ui.WebDriverWait.timeoutException(WebDriverWait.java:80)
	at org.openqa.selenium.support.ui.FluentWait.until(FluentWait.java:232)
	at com.cognizant.cognizantits.engine.drivers.AutomationObject.getElements(AutomationObject.java:303)
	at com.cognizant.cognizantits.engine.drivers.AutomationObject.getWElements(AutomationObject.java:255)
	at com.cognizant.cognizantits.engine.drivers.AutomationObject.findElements(AutomationObject.java:242)
	at com.cognizant.cognizantits.engine.drivers.AutomationObject.findElement(AutomationObject.java:118)
	at com.cognizant.cognizantits.engine.drivers.AutomationObject.findElement(AutomationObject.java:111)
	at com.cognizant.cognizantits.engine.core.CommandControl.sync(CommandControl.java:93)
	at com.cognizant.cognizantits.engine.core.CommandControl.sync(CommandControl.java:170)
	at com.cognizant.cognizantits.engine.execution.run.TestStepRunner.executeStep(TestStepRunner.java:160)
	at com.cognizant.cognizantits.engine.execution.run.TestStepRunner.executeStep(TestStepRunner.java:147)
	at com.cognizant.cognizantits.engine.execution.run.TestStepRunner.run(TestStepRunner.java:66)
	at com.cognizant.cognizantits.engine.execution.run.TestCaseRunner.runStep(TestCaseRunner.java:395)
	at com.cognizant.cognizantits.engine.execution.run.TestCaseRunner.run(TestCaseRunner.java:346)
	at com.cognizant.cognizantits.engine.core.Task.runIteration(Task.java:123)
	at com.cognizant.cognizantits.engine.core.Task.run(Task.java:81)
	at java.util.concurrent.ThreadPoolExecutor.runWorker(Unknown Source)
	at java.util.concurrent.ThreadPoolExecutor$Worker.run(Unknown Source)
	at java.lang.Thread.run(Unknown Source)

Couldn't find Object 'Downloads' in stipulated Time '10' Seconds
[FAIL]   | Seems Like the Element [Downloads] is Not Present/Found in the page Try Adding wait or heal it

===================================================================================================

2018-11-13 21:36:41:11S +0530 [SEVERE] com.cognizant.cognizantits.engine.reporting.util.ReportUtils takeScreenshot:null
java.lang.RuntimeException: Error making screenshot
	at com.cognizant.cognizantits.engine.drivers.SeleniumDriver.createNewScreenshot(SeleniumDriver.java:186)
	at com.cognizant.cognizantits.engine.drivers.SeleniumDriver.createScreenShot(SeleniumDriver.java:164)
	at com.cognizant.cognizantits.engine.reporting.util.ReportUtils.takeScreenshot(ReportUtils.java:86)
	at com.cognizant.cognizantits.engine.reporting.impl.html.HtmlTestCaseHandler.takeSSAndPutDetail(HtmlTestCaseHandler.java:288)
	at com.cognizant.cognizantits.engine.reporting.impl.html.HtmlTestCaseHandler.takeScreenShot(HtmlTestCaseHandler.java:249)
	at com.cognizant.cognizantits.engine.reporting.impl.html.HtmlTestCaseHandler.putStatus(HtmlTestCaseHandler.java:226)
	at com.cognizant.cognizantits.engine.reporting.impl.html.HtmlTestCaseHandler.updateTestLog(HtmlTestCaseHandler.java:115)
	at com.cognizant.cognizantits.engine.reporting.TestCaseReport.updateTestLog(TestCaseReport.java:134)
	at com.cognizant.cognizantits.engine.reporting.TestCaseReport.updateTestLog(TestCaseReport.java:105)
	at com.cognizant.cognizantits.engine.execution.run.TestCaseRunner.lambda$reportOnError$0(TestCaseRunner.java:327)
	at java.util.Optional.ifPresent(Unknown Source)
	at com.cognizant.cognizantits.engine.execution.run.TestCaseRunner.reportOnError(TestCaseRunner.java:326)
	at com.cognizant.cognizantits.engine.execution.run.TestCaseRunner.onRuntimeException(TestCaseRunner.java:290)
	at com.cognizant.cognizantits.engine.execution.run.TestCaseRunner.run(TestCaseRunner.java:365)
	at com.cognizant.cognizantits.engine.core.Task.runIteration(Task.java:123)
	at com.cognizant.cognizantits.engine.core.Task.run(Task.java:81)
	at java.util.concurrent.ThreadPoolExecutor.runWorker(Unknown Source)
	at java.util.concurrent.ThreadPoolExecutor$Worker.run(Unknown Source)
	at java.lang.Thread.run(Unknown Source)
Caused by: org.openqa.selenium.WebDriverException: unknown error: call function result missing 'value'
  (Session info: chrome=69.0.3497.100)
  (Driver info: chromedriver=2.31.488763 (092de99f48a300323ecf8c2a4e2e7cab51de5ba8),platform=Windows NT 10.0.17134 x86_64) (WARNING: The server did not provide any stacktrace information)
Command duration or timeout: 0 milliseconds
Build info: version: '3.5.3', revision: 'a88d25fe6b', time: '2017-08-29T12:42:44.417Z'
System info: host: 'MANGALAM', ip: '192.168.43.197', os.name: 'Windows 10', os.arch: 'amd64', os.version: '10.0', java.version: '1.8.0_191'
Driver info: org.openqa.selenium.chrome.ChromeDriver
Capabilities [{mobileEmulationEnabled=false, hasTouchScreen=false, platform=XP, acceptSslCerts=true, webStorageEnabled=true, browserName=chrome, takesScreenshot=true, javascriptEnabled=true, platformName=XP, setWindowRect=true, unexpectedAlertBehaviour=, applicationCacheEnabled=false, rotatable=false, networkConnectionEnabled=false, chrome={chromedriverVersion=2.31.488763 (092de99f48a300323ecf8c2a4e2e7cab51de5ba8), userDataDir=C:\Users\SHREE\AppData\Local\Temp\scoped_dir9544_31246}, takesHeapSnapshot=true, pageLoadStrategy=normal, unhandledPromptBehavior=, databaseEnabled=false, handlesAlerts=true, version=69.0.3497.100, browserConnectionEnabled=false, nativeEvents=true, locationContextEnabled=true, cssSelectorsEnabled=true}]
Session ID: 332d5b9109fa855f535ca503500517cf
	at sun.reflect.GeneratedConstructorAccessor40.newInstance(Unknown Source)
	at sun.reflect.DelegatingConstructorAccessorImpl.newInstance(Unknown Source)
	at java.lang.reflect.Constructor.newInstance(Unknown Source)
	at org.openqa.selenium.remote.ErrorHandler.createThrowable(ErrorHandler.java:215)
	at org.openqa.selenium.remote.ErrorHandler.throwIfResponseFailed(ErrorHandler.java:167)
	at org.openqa.selenium.remote.http.JsonHttpResponseCodec.reconstructValue(JsonHttpResponseCodec.java:40)
	at org.openqa.selenium.remote.http.AbstractHttpResponseCodec.decode(AbstractHttpResponseCodec.java:82)
	at org.openqa.selenium.remote.http.AbstractHttpResponseCodec.decode(AbstractHttpResponseCodec.java:45)
	at org.openqa.selenium.remote.HttpCommandExecutor.execute(HttpCommandExecutor.java:164)
	at org.openqa.selenium.remote.service.DriverCommandExecutor.execute(DriverCommandExecutor.java:82)
	at org.openqa.selenium.remote.RemoteWebDriver.execute(RemoteWebDriver.java:646)
	at org.openqa.selenium.remote.RemoteWebDriver.executeScript(RemoteWebDriver.java:582)
	at com.galenframework.utils.GalenUtils.scrollVerticallyTo(GalenUtils.java:223)
	at com.galenframework.utils.GalenUtils.makeFullScreenshot(GalenUtils.java:110)
	at com.cognizant.cognizantits.engine.drivers.SeleniumDriver.getScreenShotFromGalen(SeleniumDriver.java:197)
	at com.cognizant.cognizantits.engine.drivers.SeleniumDriver.createNewScreenshot(SeleniumDriver.java:183)
	... 18 more

2018-11-13 21:36:41:11S +0530 [SEVERE] com.cognizant.cognizantits.engine.execution.run.TestCaseRunner onRuntimeException:Seems Like the Element [Downloads] is Not Present/Found in the page Try Adding wait or heal it
com.cognizant.cognizantits.engine.execution.exception.element.ElementException: Seems Like the Element [Downloads] is Not Present/Found in the page Try Adding wait or heal it
	at com.cognizant.cognizantits.engine.commands.General.elementDisplayed(General.java:57)
	at com.cognizant.cognizantits.engine.commands.General.elementEnabled(General.java:63)
	at com.cognizant.cognizantits.engine.commands.Basic.Click(Basic.java:45)
	at com.cognizant.cognizantits.engine.support.reflect.MethodExecutor.executeMethod(MethodExecutor.java:39)
	at com.cognizant.cognizantits.engine.execution.run.TestStepRunner.executeAction(TestStepRunner.java:165)
	at com.cognizant.cognizantits.engine.execution.run.TestStepRunner.executeStep(TestStepRunner.java:161)
	at com.cognizant.cognizantits.engine.execution.run.TestStepRunner.executeStep(TestStepRunner.java:147)
	at com.cognizant.cognizantits.engine.execution.run.TestStepRunner.run(TestStepRunner.java:66)
	at com.cognizant.cognizantits.engine.execution.run.TestCaseRunner.runStep(TestCaseRunner.java:395)
	at com.cognizant.cognizantits.engine.execution.run.TestCaseRunner.run(TestCaseRunner.java:346)
	at com.cognizant.cognizantits.engine.core.Task.runIteration(Task.java:123)
	at com.cognizant.cognizantits.engine.core.Task.run(Task.java:81)
	at java.util.concurrent.ThreadPoolExecutor.runWorker(Unknown Source)
	at java.util.concurrent.ThreadPoolExecutor$Worker.run(Unknown Source)
	at java.lang.Thread.run(Unknown Source)


---------------------------------------------------
Testcase Name        : NewScenario:Download
Executed Steps       : 7
Passed Steps         : 0
Failed Steps         : 7
Time Taken           : 00:01:18
-----------------------------------------------------

Run Finished on Tue Nov 13 21:36:42 IST 2018
-----------------------------------------------------
ExecutionDate        : 13-Nov-2018 21-35-23
Executed TestCases   : 1
Passed TestCases     : 0
Failed TestCases     : 1
Time Taken           : 00:01:18
ReportPath           : file:///F:\cognizant-intelligent-test-scripter-1.1\Projects\test_1\Results\TestDesign\NewScenario\Download\13-Nov-2018 21-35-23\summary.html
-----------------------------------------------------
